Vivado Simulator 2019.2
Copyright 1986-1999, 2001-2019 Xilinx, Inc. All Rights Reserved.
Running: G:/vivoda20/Vivado/2019.2/bin/unwrapped/win64.o/xelab.exe -wto 3fb8273cc372451a8828b44eacc114cb --incr --debug typical --relax --mt 2 -L dist_mem_gen_v8_0_13 -L xil_defaultlib -L fifo_generator_v13_2_5 -L xbip_utils_v3_0_10 -L c_reg_fd_v12_0_6 -L c_mux_bit_v12_0_6 -L c_shift_ram_v12_0_14 -L blk_mem_gen_v8_4_4 -L xbip_pipe_v3_0_6 -L xbip_bram18k_v3_0_6 -L mult_gen_v12_0_16 -L unisims_ver -L unimacro_ver -L secureip -L xpm --snapshot tb_behav xil_defaultlib.tb xil_defaultlib.glbl -log elaborate.log 
Using 2 slave threads.
Starting static elaboration
Pass Through NonSizing Optimizer
WARNING: [VRFC 10-3715] size mismatch in mixed language port association, vhdl port 'd' [E:/CW305_KYBER/src/kyber/NTT_core_Server.v:674]
WARNING: [VRFC 10-3091] actual bit length 3 differs from formal bit length 6 for port 'rx_addr' [G:/CW305_KYBER/src/cw305/cw305_ecc_p256_pmul_top.v:286]
WARNING: [VRFC 10-3091] actual bit length 32 differs from formal bit length 3 for port 'k' [G:/CW305_KYBER/src/kyber/kyber_Wrapper.v:26]
WARNING: [VRFC 10-3091] actual bit length 24 differs from formal bit length 48 for port 'qspo' [E:/CW305_KYBER/src/kyber/NTT_core_Server.v:653]
WARNING: [VRFC 10-3091] actual bit length 10 differs from formal bit length 18 for port 'din' [E:/CW305_KYBER/src/kyber/Kyber_Server.v:728]
WARNING: [VRFC 10-5021] port 'k15_sel' is not connected on this instance [G:/CW305_KYBER/src/tb.v:51]
Completed static elaboration
Starting simulation data flow analysis
Completed simulation data flow analysis
Time Resolution for simulation is 1ps
Compiling package std.standard
Compiling package std.textio
Compiling package ieee.std_logic_1164
Compiling package ieee.numeric_std
Compiling package mult_gen_v12_0_16.mult_gen_v12_0_16_viv_comp
Compiling package xbip_utils_v3_0_10.xbip_utils_v3_0_10_pkg
Compiling package mult_gen_v12_0_16.mult_gen_v12_0_16_pkg
Compiling package ieee.std_logic_arith
Compiling package ieee.std_logic_signed
Compiling package unisim.vcomponents
Compiling package mult_gen_v12_0_16.dsp_pkg
Compiling package c_shift_ram_v12_0_14.c_shift_ram_v12_0_14_viv_comp
Compiling package c_shift_ram_v12_0_14.c_shift_ram_v12_0_14_pkg
Compiling package c_mux_bit_v12_0_6.c_mux_bit_v12_0_6_viv_comp
Compiling package c_reg_fd_v12_0_6.c_reg_fd_v12_0_6_viv_comp
Compiling module xil_defaultlib.cw305_usb_reg_fe(pBYTECNT_SIZE=1...
Compiling module xil_defaultlib.cdc_pulse
Compiling module unisims_ver.USR_ACCESSE2
Compiling module xil_defaultlib.cw305_reg_pmul(pBYTECNT_SIZE=10,...
Compiling module unisims_ver.BUFGCTRL(PRESELECT_I0="TRUE")
Compiling module unisims_ver.BUFGMUX_CTRL
Compiling module unisims_ver.ODDR
Compiling module unisims_ver.IBUF
Compiling module unisims_ver.IBUFG
Compiling module unisims_ver.BUFG
Compiling module xil_defaultlib.clocks
Compiling architecture xilinx of entity mult_gen_v12_0_16.delay_line [\delay_line(c_xdevicefamily="art...]
Compiling architecture xilinx of entity mult_gen_v12_0_16.op_resize [\op_resize(ai_width=12,bi_width=...]
Compiling architecture xilinx of entity mult_gen_v12_0_16.dsp [\dsp(c_xdevicefamily="artix7",c_...]
Compiling architecture xilinx of entity mult_gen_v12_0_16.mult_gen_v12_0_16_viv [\mult_gen_v12_0_16_viv(c_verbosi...]
Compiling architecture xilinx of entity mult_gen_v12_0_16.mult_gen_v12_0_16 [\mult_gen_v12_0_16(c_xdevicefami...]
Compiling architecture mult_gen_0_arch of entity xil_defaultlib.mult_gen_0 [mult_gen_0_default]
Compiling module xil_defaultlib.reduc
Compiling architecture struct of entity c_shift_ram_v12_0_14.c_shift_ram_v12_0_14_legacy [\c_shift_ram_v12_0_14_legacy(c_x...]
Compiling architecture synth of entity c_shift_ram_v12_0_14.c_shift_ram_v12_0_14_viv [\c_shift_ram_v12_0_14_viv(c_xdev...]
Compiling architecture xilinx of entity c_shift_ram_v12_0_14.c_shift_ram_v12_0_14 [\c_shift_ram_v12_0_14(c_xdevicef...]
Compiling architecture c_shift_ram_0_arch of entity xil_defaultlib.c_shift_ram_0 [c_shift_ram_0_default]
Compiling architecture struct of entity c_shift_ram_v12_0_14.c_shift_ram_v12_0_14_legacy [\c_shift_ram_v12_0_14_legacy(c_x...]
Compiling architecture synth of entity c_shift_ram_v12_0_14.c_shift_ram_v12_0_14_viv [\c_shift_ram_v12_0_14_viv(c_xdev...]
Compiling architecture xilinx of entity c_shift_ram_v12_0_14.c_shift_ram_v12_0_14 [\c_shift_ram_v12_0_14(c_xdevicef...]
Compiling architecture c_shift_ram_1_arch of entity xil_defaultlib.c_shift_ram_1 [c_shift_ram_1_default]
Compiling architecture c_shift_ram_9_arch of entity xil_defaultlib.c_shift_ram_9 [c_shift_ram_9_default]
Compiling module xil_defaultlib.butterfly_Ser
Compiling module dist_mem_gen_v8_0_13.dist_mem_gen_v8_0_13(C_FAMILY="a...
Compiling module xil_defaultlib.dist_mem_gen_5
Compiling module dist_mem_gen_v8_0_13.dist_mem_gen_v8_0_13(C_FAMILY="a...
Compiling module xil_defaultlib.dist_mem_gen_6
Compiling module dist_mem_gen_v8_0_13.dist_mem_gen_v8_0_13(C_FAMILY="a...
Compiling module xil_defaultlib.dist_mem_gen_7
Compiling module dist_mem_gen_v8_0_13.dist_mem_gen_v8_0_13(C_FAMILY="a...
Compiling module xil_defaultlib.dist_mem_gen_1
Compiling module dist_mem_gen_v8_0_13.dist_mem_gen_v8_0_13(C_FAMILY="a...
Compiling module xil_defaultlib.dist_mem_gen_2
Compiling module blk_mem_gen_v8_4_4.blk_mem_gen_v8_4_4_output_stage(...
Compiling module blk_mem_gen_v8_4_4.blk_mem_gen_v8_4_4_softecc_outpu...
Compiling module blk_mem_gen_v8_4_4.blk_mem_gen_v8_4_4_mem_module(C_...
Compiling module blk_mem_gen_v8_4_4.blk_mem_gen_v8_4_4(C_FAMILY="art...
Compiling module xil_defaultlib.blk_mem_gen_0
Compiling module blk_mem_gen_v8_4_4.blk_mem_gen_v8_4_4_mem_module(C_...
Compiling module blk_mem_gen_v8_4_4.blk_mem_gen_v8_4_4(C_FAMILY="art...
Compiling module xil_defaultlib.blk_mem_gen_3
Compiling module blk_mem_gen_v8_4_4.blk_mem_gen_v8_4_4_output_stage(...
Compiling module blk_mem_gen_v8_4_4.blk_mem_gen_v8_4_4_softecc_outpu...
Compiling module blk_mem_gen_v8_4_4.blk_mem_gen_v8_4_4_mem_module(C_...
Compiling module blk_mem_gen_v8_4_4.blk_mem_gen_v8_4_4(C_FAMILY="art...
Compiling module xil_defaultlib.blk_mem_gen_2
Compiling module blk_mem_gen_v8_4_4.blk_mem_gen_v8_4_4_output_stage(...
Compiling module blk_mem_gen_v8_4_4.blk_mem_gen_v8_4_4_softecc_outpu...
Compiling module blk_mem_gen_v8_4_4.blk_mem_gen_v8_4_4_mem_module(C_...
Compiling module blk_mem_gen_v8_4_4.blk_mem_gen_v8_4_4(C_FAMILY="art...
Compiling module xil_defaultlib.blk_mem_gen_1
Compiling module xil_defaultlib.mux4to2
Compiling architecture struct of entity c_shift_ram_v12_0_14.c_shift_ram_v12_0_14_legacy [\c_shift_ram_v12_0_14_legacy(c_x...]
Compiling architecture synth of entity c_shift_ram_v12_0_14.c_shift_ram_v12_0_14_viv [\c_shift_ram_v12_0_14_viv(c_xdev...]
Compiling architecture xilinx of entity c_shift_ram_v12_0_14.c_shift_ram_v12_0_14 [\c_shift_ram_v12_0_14(c_xdevicef...]
Compiling architecture c_shift_ram_2_arch of entity xil_defaultlib.c_shift_ram_2 [c_shift_ram_2_default]
Compiling architecture struct of entity c_shift_ram_v12_0_14.c_shift_ram_v12_0_14_legacy [\c_shift_ram_v12_0_14_legacy(c_x...]
Compiling architecture synth of entity c_shift_ram_v12_0_14.c_shift_ram_v12_0_14_viv [\c_shift_ram_v12_0_14_viv(c_xdev...]
Compiling architecture xilinx of entity c_shift_ram_v12_0_14.c_shift_ram_v12_0_14 [\c_shift_ram_v12_0_14(c_xdevicef...]
Compiling architecture c_shift_ram_3_arch of entity xil_defaultlib.c_shift_ram_3 [c_shift_ram_3_default]
Compiling architecture struct of entity c_shift_ram_v12_0_14.c_shift_ram_v12_0_14_legacy [\c_shift_ram_v12_0_14_legacy(c_x...]
Compiling architecture synth of entity c_shift_ram_v12_0_14.c_shift_ram_v12_0_14_viv [\c_shift_ram_v12_0_14_viv(c_xdev...]
Compiling architecture xilinx of entity c_shift_ram_v12_0_14.c_shift_ram_v12_0_14 [\c_shift_ram_v12_0_14(c_xdevicef...]
Compiling architecture c_shift_ram_4_arch of entity xil_defaultlib.c_shift_ram_4 [c_shift_ram_4_default]
Compiling architecture struct of entity c_shift_ram_v12_0_14.c_shift_ram_v12_0_14_legacy [\c_shift_ram_v12_0_14_legacy(c_x...]
Compiling architecture synth of entity c_shift_ram_v12_0_14.c_shift_ram_v12_0_14_viv [\c_shift_ram_v12_0_14_viv(c_xdev...]
Compiling architecture xilinx of entity c_shift_ram_v12_0_14.c_shift_ram_v12_0_14 [\c_shift_ram_v12_0_14(c_xdevicef...]
Compiling architecture c_shift_ram_5_arch of entity xil_defaultlib.c_shift_ram_5 [c_shift_ram_5_default]
Compiling architecture struct of entity c_shift_ram_v12_0_14.c_shift_ram_v12_0_14_legacy [\c_shift_ram_v12_0_14_legacy(c_x...]
Compiling architecture synth of entity c_shift_ram_v12_0_14.c_shift_ram_v12_0_14_viv [\c_shift_ram_v12_0_14_viv(c_xdev...]
Compiling architecture xilinx of entity c_shift_ram_v12_0_14.c_shift_ram_v12_0_14 [\c_shift_ram_v12_0_14(c_xdevicef...]
Compiling architecture c_shift_ram_6_arch of entity xil_defaultlib.c_shift_ram_6 [c_shift_ram_6_default]
Compiling architecture struct of entity c_shift_ram_v12_0_14.c_shift_ram_v12_0_14_legacy [\c_shift_ram_v12_0_14_legacy(c_x...]
Compiling architecture synth of entity c_shift_ram_v12_0_14.c_shift_ram_v12_0_14_viv [\c_shift_ram_v12_0_14_viv(c_xdev...]
Compiling architecture xilinx of entity c_shift_ram_v12_0_14.c_shift_ram_v12_0_14 [\c_shift_ram_v12_0_14(c_xdevicef...]
Compiling architecture c_shift_ram_8_arch of entity xil_defaultlib.c_shift_ram_8 [c_shift_ram_8_default]
Compiling architecture struct of entity c_shift_ram_v12_0_14.c_shift_ram_v12_0_14_legacy [\c_shift_ram_v12_0_14_legacy(c_x...]
Compiling architecture synth of entity c_shift_ram_v12_0_14.c_shift_ram_v12_0_14_viv [\c_shift_ram_v12_0_14_viv(c_xdev...]
Compiling architecture xilinx of entity c_shift_ram_v12_0_14.c_shift_ram_v12_0_14 [\c_shift_ram_v12_0_14(c_xdevicef...]
Compiling architecture c_shift_ram_11_arch of entity xil_defaultlib.c_shift_ram_11 [c_shift_ram_11_default]
Compiling module xil_defaultlib.NTT_core_Server
Compiling architecture behavioral of entity xil_defaultlib.RegisterFDRE [\RegisterFDRE(size=1600)\]
Compiling architecture dataflow of entity xil_defaultlib.theta [theta_default]
Compiling architecture dataflow of entity xil_defaultlib.rho [rho_default]
Compiling architecture dataflow of entity xil_defaultlib.pi [pi_default]
Compiling architecture dataflow of entity xil_defaultlib.chi [chi_default]
Compiling architecture dataflow of entity xil_defaultlib.iota [iota_default]
Compiling architecture structural of entity xil_defaultlib.Round [round_default]
Compiling architecture fsm of entity xil_defaultlib.StateMachine [statemachine_default]
Compiling architecture structural of entity xil_defaultlib.Keccak1600 [keccak1600_default]
Compiling module fifo_generator_v13_2_5.fifo_generator_v13_2_5_bhv_ver_s...
Compiling module fifo_generator_v13_2_5.fifo_generator_v13_2_5_CONV_VER(...
Compiling module fifo_generator_v13_2_5.fifo_generator_vlog_beh(C_COMMON...
Compiling module xil_defaultlib.fifo_generator_0
Compiling module fifo_generator_v13_2_5.fifo_generator_v13_2_5_bhv_ver_s...
Compiling module fifo_generator_v13_2_5.fifo_generator_v13_2_5_CONV_VER(...
Compiling module fifo_generator_v13_2_5.fifo_generator_vlog_beh(C_COMMON...
Compiling module xil_defaultlib.fifo_generator_1
Compiling module fifo_generator_v13_2_5.fifo_generator_v13_2_5_bhv_ver_s...
Compiling module fifo_generator_v13_2_5.fifo_generator_v13_2_5_CONV_VER(...
Compiling module fifo_generator_v13_2_5.fifo_generator_vlog_beh(C_COMMON...
Compiling module xil_defaultlib.fifo_generator_7
Compiling module fifo_generator_v13_2_5.fifo_generator_v13_2_5_bhv_ver_s...
Compiling module fifo_generator_v13_2_5.fifo_generator_v13_2_5_CONV_VER(...
Compiling module fifo_generator_v13_2_5.fifo_generator_vlog_beh(C_COMMON...
Compiling module xil_defaultlib.fifo_generator_8
Compiling module xil_defaultlib.decode_keccak
Compiling module xil_defaultlib.hash_core_Server
Compiling module xil_defaultlib.decode_Server
Compiling module xil_defaultlib.encode_Server
Compiling module xil_defaultlib.pattern
Compiling module fifo_generator_v13_2_5.fifo_generator_v13_2_5_bhv_ver_s...
Compiling module fifo_generator_v13_2_5.fifo_generator_v13_2_5_CONV_VER(...
Compiling module fifo_generator_v13_2_5.fifo_generator_vlog_beh(C_COMMON...
Compiling module xil_defaultlib.fifo_generator_2
Compiling module fifo_generator_v13_2_5.fifo_generator_v13_2_5_bhv_ver_s...
Compiling module fifo_generator_v13_2_5.fifo_generator_v13_2_5_CONV_VER(...
Compiling module fifo_generator_v13_2_5.fifo_generator_vlog_beh(C_COMMON...
Compiling module xil_defaultlib.fifo_generator_3
Compiling module fifo_generator_v13_2_5.fifo_generator_v13_2_5_bhv_ver_s...
Compiling module fifo_generator_v13_2_5.fifo_generator_v13_2_5_CONV_VER(...
Compiling module fifo_generator_v13_2_5.fifo_generator_vlog_beh(C_COMMON...
Compiling module xil_defaultlib.fifo_generator_4
Compiling module fifo_generator_v13_2_5.fifo_generator_v13_2_5_bhv_ver_s...
Compiling module fifo_generator_v13_2_5.fifo_generator_v13_2_5_CONV_VER(...
Compiling module fifo_generator_v13_2_5.fifo_generator_vlog_beh(C_COMMON...
Compiling module xil_defaultlib.fifo_generator_5
Compiling module dist_mem_gen_v8_0_13.dist_mem_gen_v8_0_13(C_FAMILY="a...
Compiling module xil_defaultlib.dist_mem_gen_0
Compiling module xil_defaultlib.Kyber_Server
Compiling module xil_defaultlib.Kyber_Wrapper
Compiling module xil_defaultlib.cw305_ecc_p256_pmul_top
Compiling module xil_defaultlib.tb
Compiling module xil_defaultlib.glbl
Built simulation snapshot tb_behav
