INFO: [VRFC 10-2263] Analyzing Verilog file "G:/CW305_KYBER/cw305_kyber/cw305_kyber.srcs/sources_1/ip/dist_mem_gen_0/sim/dist_mem_gen_0.v" into library xil_defaultlib
INFO: [VRFC 10-311] analyzing module dist_mem_gen_0
INFO: [VRFC 10-2263] Analyzing Verilog file "G:/CW305_KYBER/cw305_kyber/cw305_kyber.srcs/sources_1/ip/fifo_generator_5/sim/fifo_generator_5.v" into library xil_defaultlib
INFO: [VRFC 10-311] analyzing module fifo_generator_5
INFO: [VRFC 10-2263] Analyzing Verilog file "G:/CW305_KYBER/cw305_kyber/cw305_kyber.srcs/sources_1/ip/fifo_generator_4/sim/fifo_generator_4.v" into library xil_defaultlib
INFO: [VRFC 10-311] analyzing module fifo_generator_4
INFO: [VRFC 10-2263] Analyzing Verilog file "G:/CW305_KYBER/cw305_kyber/cw305_kyber.srcs/sources_1/ip/fifo_generator_3/sim/fifo_generator_3.v" into library xil_defaultlib
INFO: [VRFC 10-311] analyzing module fifo_generator_3
INFO: [VRFC 10-2263] Analyzing Verilog file "G:/CW305_KYBER/cw305_kyber/cw305_kyber.srcs/sources_1/ip/fifo_generator_2/sim/fifo_generator_2.v" into library xil_defaultlib
INFO: [VRFC 10-311] analyzing module fifo_generator_2
INFO: [VRFC 10-2263] Analyzing Verilog file "G:/CW305_KYBER/cw305_kyber/cw305_kyber.srcs/sources_1/ip/fifo_generator_8/sim/fifo_generator_8.v" into library xil_defaultlib
INFO: [VRFC 10-311] analyzing module fifo_generator_8
INFO: [VRFC 10-2263] Analyzing Verilog file "G:/CW305_KYBER/cw305_kyber/cw305_kyber.srcs/sources_1/ip/fifo_generator_7/sim/fifo_generator_7.v" into library xil_defaultlib
INFO: [VRFC 10-311] analyzing module fifo_generator_7
INFO: [VRFC 10-2263] Analyzing Verilog file "G:/CW305_KYBER/cw305_kyber/cw305_kyber.srcs/sources_1/ip/fifo_generator_1/sim/fifo_generator_1.v" into library xil_defaultlib
INFO: [VRFC 10-311] analyzing module fifo_generator_1
INFO: [VRFC 10-2263] Analyzing Verilog file "G:/CW305_KYBER/cw305_kyber/cw305_kyber.srcs/sources_1/ip/fifo_generator_0/sim/fifo_generator_0.v" into library xil_defaultlib
INFO: [VRFC 10-311] analyzing module fifo_generator_0
INFO: [VRFC 10-2263] Analyzing Verilog file "G:/CW305_KYBER/cw305_kyber/cw305_kyber.srcs/sources_1/ip/blk_mem_gen_1/sim/blk_mem_gen_1.v" into library xil_defaultlib
INFO: [VRFC 10-311] analyzing module blk_mem_gen_1
INFO: [VRFC 10-2263] Analyzing Verilog file "G:/CW305_KYBER/cw305_kyber/cw305_kyber.srcs/sources_1/ip/blk_mem_gen_2/sim/blk_mem_gen_2.v" into library xil_defaultlib
INFO: [VRFC 10-311] analyzing module blk_mem_gen_2
INFO: [VRFC 10-2263] Analyzing Verilog file "G:/CW305_KYBER/cw305_kyber/cw305_kyber.srcs/sources_1/ip/blk_mem_gen_3/sim/blk_mem_gen_3.v" into library xil_defaultlib
INFO: [VRFC 10-311] analyzing module blk_mem_gen_3
INFO: [VRFC 10-2263] Analyzing Verilog file "G:/CW305_KYBER/cw305_kyber/cw305_kyber.srcs/sources_1/ip/blk_mem_gen_0/sim/blk_mem_gen_0.v" into library xil_defaultlib
INFO: [VRFC 10-311] analyzing module blk_mem_gen_0
INFO: [VRFC 10-2263] Analyzing Verilog file "G:/CW305_KYBER/cw305_kyber/cw305_kyber.srcs/sources_1/ip/dist_mem_gen_2/sim/dist_mem_gen_2.v" into library xil_defaultlib
INFO: [VRFC 10-311] analyzing module dist_mem_gen_2
INFO: [VRFC 10-2263] Analyzing Verilog file "G:/CW305_KYBER/cw305_kyber/cw305_kyber.srcs/sources_1/ip/dist_mem_gen_1/sim/dist_mem_gen_1.v" into library xil_defaultlib
INFO: [VRFC 10-311] analyzing module dist_mem_gen_1
INFO: [VRFC 10-2263] Analyzing Verilog file "G:/CW305_KYBER/cw305_kyber/cw305_kyber.srcs/sources_1/ip/dist_mem_gen_7/sim/dist_mem_gen_7.v" into library xil_defaultlib
INFO: [VRFC 10-311] analyzing module dist_mem_gen_7
INFO: [VRFC 10-2263] Analyzing Verilog file "G:/CW305_KYBER/cw305_kyber/cw305_kyber.srcs/sources_1/ip/dist_mem_gen_6/sim/dist_mem_gen_6.v" into library xil_defaultlib
INFO: [VRFC 10-311] analyzing module dist_mem_gen_6
INFO: [VRFC 10-2263] Analyzing Verilog file "G:/CW305_KYBER/cw305_kyber/cw305_kyber.srcs/sources_1/ip/dist_mem_gen_5/sim/dist_mem_gen_5.v" into library xil_defaultlib
INFO: [VRFC 10-311] analyzing module dist_mem_gen_5
INFO: [VRFC 10-2263] Analyzing Verilog file "E:/CW305_KYBER/src/kyber/Kyber_Server.v" into library xil_defaultlib
INFO: [VRFC 10-311] analyzing module Kyber_Server
INFO: [VRFC 10-2458] undeclared symbol ena_sft, assumed default net type wire [E:/CW305_KYBER/src/kyber/Kyber_Server.v:680]
INFO: [VRFC 10-2458] undeclared symbol NTT_finish, assumed default net type wire [E:/CW305_KYBER/src/kyber/Kyber_Server.v:687]
INFO: [VRFC 10-2458] undeclared symbol trigger, assumed default net type wire [E:/CW305_KYBER/src/kyber/Kyber_Server.v:690]
INFO: [VRFC 10-2263] Analyzing Verilog file "E:/CW305_KYBER/src/kyber/NTT_core_Server.v" into library xil_defaultlib
INFO: [VRFC 10-311] analyzing module NTT_core_Server
INFO: [VRFC 10-2263] Analyzing Verilog file "E:/CW305_KYBER/src/kyber/butterfly_Server.v" into library xil_defaultlib
INFO: [VRFC 10-311] analyzing module butterfly_Ser
INFO: [VRFC 10-2263] Analyzing Verilog file "G:/CW305_KYBER/src/cw305/cdc_pulse.v" into library xil_defaultlib
INFO: [VRFC 10-311] analyzing module cdc_pulse
INFO: [VRFC 10-2263] Analyzing Verilog file "G:/CW305_KYBER/src/cw305/clocks.v" into library xil_defaultlib
INFO: [VRFC 10-311] analyzing module clocks
INFO: [VRFC 10-2263] Analyzing Verilog file "G:/CW305_KYBER/src/cw305/cw305_ecc_p256_pmul_top.v" into library xil_defaultlib
INFO: [VRFC 10-311] analyzing module cw305_ecc_p256_pmul_top
INFO: [VRFC 10-2263] Analyzing Verilog file "G:/CW305_KYBER/src/cw305/cw305_reg_pmul.v" into library xil_defaultlib
INFO: [VRFC 10-311] analyzing module cw305_reg_pmul
INFO: [VRFC 10-2263] Analyzing Verilog file "G:/CW305_KYBER/src/cw305/cw305_usb_reg_fe.v" into library xil_defaultlib
INFO: [VRFC 10-311] analyzing module cw305_usb_reg_fe
INFO: [VRFC 10-2263] Analyzing Verilog file "E:/CW305_KYBER/src/kyber/decode_Server.v" into library xil_defaultlib
INFO: [VRFC 10-311] analyzing module decode_Server
INFO: [VRFC 10-2263] Analyzing Verilog file "E:/CW305_KYBER/src/kyber/decode_keccak.v" into library xil_defaultlib
INFO: [VRFC 10-311] analyzing module decode_keccak
INFO: [VRFC 10-2263] Analyzing Verilog file "E:/CW305_KYBER/src/kyber/encode_Server.v" into library xil_defaultlib
INFO: [VRFC 10-311] analyzing module encode_Server
INFO: [VRFC 10-2263] Analyzing Verilog file "E:/CW305_KYBER/src/kyber/hash_core_Server.v" into library xil_defaultlib
INFO: [VRFC 10-311] analyzing module hash_core_Server
INFO: [VRFC 10-2263] Analyzing Verilog file "G:/CW305_KYBER/src/kyber/kyber_Wrapper.v" into library xil_defaultlib
INFO: [VRFC 10-311] analyzing module Kyber_Wrapper
INFO: [VRFC 10-2263] Analyzing Verilog file "E:/CW305_KYBER/src/kyber/mux4to2.v" into library xil_defaultlib
INFO: [VRFC 10-311] analyzing module mux4to2
INFO: [VRFC 10-2263] Analyzing Verilog file "E:/CW305_KYBER/src/kyber/pattern.v" into library xil_defaultlib
INFO: [VRFC 10-311] analyzing module pattern
INFO: [VRFC 10-2263] Analyzing Verilog file "E:/CW305_KYBER/src/kyber/reduc.v" into library xil_defaultlib
INFO: [VRFC 10-311] analyzing module reduc
INFO: [VRFC 10-2263] Analyzing Verilog file "G:/CW305_KYBER/src/tb.v" into library xil_defaultlib
INFO: [VRFC 10-311] analyzing module tb
