Copyright 1986-2019 Xilinx, Inc. All Rights Reserved.
------------------------------------------------------------------------------------
| Tool Version : Vivado v.2019.2 (win64) Build 2708876 Wed Nov  6 21:40:23 MST 2019
| Date         : Sat Oct  7 22:45:10 2023
| Host         : DESKTOP-QBOHV2U running 64-bit major release  (build 9200)
| Command      : upgrade_ip
| Device       : xc7a100tftg256-2
------------------------------------------------------------------------------------

Upgrade Log for IP 'Kyber_Server_1'

1. Summary
----------

SUCCESS in the upgrade of Kyber_Server_1 (xilinx.com:user:Kyber_Server:1.0) from (Rev. 5) to (Rev. 3)






Copyright 1986-2019 Xilinx, Inc. All Rights Reserved.
------------------------------------------------------------------------------------
| Tool Version : Vivado v.2019.2 (win64) Build 2708876 Wed Nov  6 21:40:23 MST 2019
| Date         : Sat Oct  7 22:40:30 2023
| Host         : DESKTOP-QBOHV2U running 64-bit major release  (build 9200)
| Command      : upgrade_ip
| Device       : xc7a100tftg256-2
------------------------------------------------------------------------------------

Upgrade Log for IP 'Kyber_Server_0'

1. Summary
----------

SUCCESS in the upgrade of Kyber_Server_0 (xilinx.com:user:Kyber_Server:1.0) from (Rev. 3) to (Rev. 5)






Copyright 1986-2019 Xilinx, Inc. All Rights Reserved.
------------------------------------------------------------------------------------
| Tool Version : Vivado v.2019.2 (win64) Build 2708876 Wed Nov  6 21:40:23 MST 2019
| Date         : Sat Oct  7 22:39:27 2023
| Host         : DESKTOP-QBOHV2U running 64-bit major release  (build 9200)
| Command      : upgrade_ip
| Device       : xc7a100tftg256-2
------------------------------------------------------------------------------------

Upgrade Log for IP 'Kyber_Server_0'

1. Summary
----------

SUCCESS in the conversion of Kyber_Server_0 (xilinx.com:user:Kyber_Server:1.0 (Rev. 3)) to Vivado generation flows.






Copyright 1986-2019 Xilinx, Inc. All Rights Reserved.
------------------------------------------------------------------------------------
| Tool Version : Vivado v.2019.2 (win64) Build 2708876 Wed Nov  6 21:40:23 MST 2019
| Date         : Sat Oct  7 21:20:30 2023
| Host         : DESKTOP-QBOHV2U running 64-bit major release  (build 9200)
| Command      : upgrade_ip
| Device       : xc7a100tftg256-2
------------------------------------------------------------------------------------

Upgrade Log for IP 'Kyber_Server_0'

1. Summary
----------

SUCCESS in the upgrade of Kyber_Server_0 (xilinx.com:user:Kyber_Server:1.0) from (Rev. 2) to (Rev. 3)

